<?xml version="1.0" encoding="UTF-8"?>
<!-- Generated by org.testng.reporters.JUnitReportReporter -->
<testsuite hostname="AliAzferFamily" failures="0" tests="3" name="runner.TestRunner" time="46.676" errors="0" timestamp="2025-11-21T02:04:46 IST" skipped="0">
  <testcase classname="runner.TestRunner" name="runScenario" time="16.472"/>
  <testcase classname="runner.TestRunner" name="runScenario" time="13.984"/>
  <testcase classname="runner.TestRunner" name="runScenario" time="16.220"/>
</testsuite> <!-- runner.TestRunner -->
